c:\users\59771\desktop\datamonitor\datamonitor\datareceiver\x64\debug\datareceiver.obj
c:\users\59771\desktop\datamonitor\datamonitor\datareceiver\x64\debug\data.obj
c:\users\59771\desktop\datamonitor\datamonitor\datareceiver\x64\debug\datachart.obj
c:\users\59771\desktop\datamonitor\datamonitor\datareceiver\x64\debug\main.obj
c:\users\59771\desktop\datamonitor\datamonitor\datareceiver\x64\debug\vc142.pdb
c:\users\59771\desktop\datamonitor\datamonitor\datareceiver\x64\debug\moc_datachart.obj
c:\users\59771\desktop\datamonitor\datamonitor\datareceiver\x64\debug\moc_datareceiver.obj
c:\users\59771\desktop\datamonitor\datamonitor\datareceiver\x64\debug\qrc_datareceiver.obj
c:\users\59771\desktop\datamonitor\datamonitor\datamonitor\datareceiver\x64\debug\datareceiver.obj
c:\users\59771\desktop\datamonitor\datamonitor\datamonitor\datareceiver\x64\debug\datachart.obj
c:\users\59771\desktop\datamonitor\datamonitor\datamonitor\datareceiver\x64\debug\data.obj
c:\users\59771\desktop\datamonitor\datamonitor\datamonitor\datareceiver\x64\debug\main.obj
c:\users\59771\desktop\datamonitor\datamonitor\datamonitor\datareceiver\x64\debug\vc142.pdb
c:\users\59771\desktop\datamonitor\datamonitor\datamonitor\datareceiver\x64\debug\moc_datachart.obj
c:\users\59771\desktop\datamonitor\datamonitor\datamonitor\datareceiver\x64\debug\qrc_datareceiver.obj
c:\users\59771\desktop\datamonitor\datamonitor\datamonitor\datareceiver\x64\debug\moc_datareceiver.obj
c:\users\59771\desktop\datamonitor\datamonitor\datareceiver\x64\debug\uic\ui_datachart.h
c:\users\59771\desktop\datamonitor\datamonitor\datareceiver\x64\debug\uic\ui_datareceiver.h
c:\users\59771\desktop\datamonitor\datamonitor\datareceiver\x64\debug\rcc\qrc_datareceiver.cpp
c:\users\59771\desktop\datamonitor\datamonitor\datareceiver\x64\debug\moc\moc_datareceiver.cpp
c:\users\59771\desktop\datamonitor\datamonitor\datareceiver\x64\debug\moc\moc_datachart.cpp
c:\users\59771\desktop\datamonitor\datamonitor\datamonitor\datareceiver\x64\debug\uic\ui_datareceiver.h
c:\users\59771\desktop\datamonitor\datamonitor\datamonitor\datareceiver\x64\debug\moc\moc_datareceiver.cpp
c:\users\59771\desktop\datamonitor\datamonitor\datamonitor\datareceiver\x64\debug\uic\ui_datachart.h
c:\users\59771\desktop\datamonitor\datamonitor\datamonitor\datareceiver\x64\debug\rcc\qrc_datareceiver.cpp
c:\users\59771\desktop\datamonitor\datamonitor\datamonitor\datareceiver\x64\debug\moc\moc_datachart.cpp
c:\users\59771\desktop\datamonitor\datamonitor\dataserver\x64\debug\datareceiver.exe
c:\users\59771\desktop\datamonitor\datamonitor\dataserver\x64\debug\datareceiver.ilk
c:\users\59771\desktop\datamonitor\datamonitor\dataserver\x64\debug\datareceiver.pdb
c:\users\59771\desktop\datamonitor\datamonitor\datamonitor\dataserver\x64\debug\datareceiver.exe
c:\users\59771\desktop\datamonitor\datamonitor\datamonitor\dataserver\x64\debug\datareceiver.ilk
c:\users\59771\desktop\datamonitor\datamonitor\datamonitor\dataserver\x64\debug\datareceiver.pdb
c:\users\59771\desktop\datamonitor\datamonitor\datamonitor\datareceiver\x64\debug\datareceiver.tlog\cl.command.1.tlog
c:\users\59771\desktop\datamonitor\datamonitor\datamonitor\datareceiver\x64\debug\datareceiver.tlog\cl.read.1.tlog
c:\users\59771\desktop\datamonitor\datamonitor\datamonitor\datareceiver\x64\debug\datareceiver.tlog\cl.write.1.tlog
c:\users\59771\desktop\datamonitor\datamonitor\datamonitor\datareceiver\x64\debug\datareceiver.tlog\datareceiver.write.1u.tlog
c:\users\59771\desktop\datamonitor\datamonitor\datamonitor\datareceiver\x64\debug\datareceiver.tlog\link.command.1.tlog
c:\users\59771\desktop\datamonitor\datamonitor\datamonitor\datareceiver\x64\debug\datareceiver.tlog\link.read.1.tlog
c:\users\59771\desktop\datamonitor\datamonitor\datamonitor\datareceiver\x64\debug\datareceiver.tlog\link.write.1.tlog
c:\users\59771\desktop\datamonitor\datamonitor\datamonitor\datareceiver\x64\debug\datareceiver.tlog\moc.read.1u.tlog
c:\users\59771\desktop\datamonitor\datamonitor\datamonitor\datareceiver\x64\debug\datareceiver.tlog\moc.write.1u.tlog
c:\users\59771\desktop\datamonitor\datamonitor\datamonitor\datareceiver\x64\debug\datareceiver.tlog\rcc.read.1u.tlog
c:\users\59771\desktop\datamonitor\datamonitor\datamonitor\datareceiver\x64\debug\datareceiver.tlog\rcc.write.1u.tlog
c:\users\59771\desktop\datamonitor\datamonitor\datamonitor\datareceiver\x64\debug\datareceiver.tlog\uic.read.1u.tlog
c:\users\59771\desktop\datamonitor\datamonitor\datamonitor\datareceiver\x64\debug\datareceiver.tlog\uic.write.1u.tlog
